生成启动时间为 2015/10/23 13:48:52。
     1>项目“E:\GIGA2002ScriptDecoder\GIGA2002ScriptDecoder\GIGA2002ScriptDecoder.vcxproj”在节点 2 上(Build 个目标)。
     1>ClCompile:
         C:\Program Files (x86)\Microsoft Visual Studio 12.0\VC\bin\CL.exe /c /Zi /nologo /W3 /WX- /O2 /Oi /Oy- /GL /D WIN32 /D NDEBUG /D _CONSOLE /D _LIB /D _UNICODE /D UNICODE /Gm- /EHsc /MD /GS /Gy /fp:precise /Zc:wchar_t /Zc:forScope /Fo"Release\\" /Fd"Release\vc120.pdb" /Gd /TP /analyze- /errorReport:prompt GIGA2002ScriptDecoder.cpp
         GIGA2002ScriptDecoder.cpp
     1>GIGA2002ScriptDecoder.cpp(14): warning C4091: “typedef ”: 没有声明变量时忽略“ScriptHeader”的左侧
     1>GIGA2002ScriptDecoder.cpp(19): warning C4091: “typedef ”: 没有声明变量时忽略“ScriptHeader_s”的左侧
     1>GIGA2002ScriptDecoder.cpp(136): warning C4996: '_wfopen': This function or variable may be unsafe. Consider using _wfopen_s instead. To disable deprecation, use _CRT_SECURE_NO_WARNINGS. See online help for details.
                 C:\Program Files (x86)\Microsoft Visual Studio 12.0\VC\include\stdio.h(590) : 参见“_wfopen”的声明
     1>GIGA2002ScriptDecoder.cpp(151): warning C4996: '_wfopen': This function or variable may be unsafe. Consider using _wfopen_s instead. To disable deprecation, use _CRT_SECURE_NO_WARNINGS. See online help for details.
                 C:\Program Files (x86)\Microsoft Visual Studio 12.0\VC\include\stdio.h(590) : 参见“_wfopen”的声明
       Link:
         C:\Program Files (x86)\Microsoft Visual Studio 12.0\VC\bin\link.exe /ERRORREPORT:PROMPT /OUT:"E:\GIGA2002ScriptDecoder\Release\GIGA2002ScriptDecoder.exe" /INCREMENTAL:NO /NOLOGO kernel32.lib user32.lib gdi32.lib winspool.lib comdlg32.lib advapi32.lib shell32.lib ole32.lib oleaut32.lib uuid.lib odbc32.lib odbccp32.lib /MANIFEST /MANIFESTUAC:"level='asInvoker' uiAccess='false'" /manifest:embed /DEBUG /PDB:"E:\GIGA2002ScriptDecoder\Release\GIGA2002ScriptDecoder.pdb" /SUBSYSTEM:CONSOLE /OPT:REF /OPT:ICF /LTCG /TLBID:1 /DYNAMICBASE /NXCOMPAT /IMPLIB:"E:\GIGA2002ScriptDecoder\Release\GIGA2002ScriptDecoder.lib" /MACHINE:X86 /SAFESEH Release\GIGA2002ScriptDecoder.obj
         Release\stdafx.obj
         正在生成代码
         已完成代码的生成
         GIGA2002ScriptDecoder.vcxproj -> E:\GIGA2002ScriptDecoder\Release\GIGA2002ScriptDecoder.exe
     1>已完成生成项目“E:\GIGA2002ScriptDecoder\GIGA2002ScriptDecoder\GIGA2002ScriptDecoder.vcxproj”(Build 个目标)的操作。

生成成功。

已用时间 00:00:00.88
