This file contains any messages produced by compilers while
running configure, to aid debugging if configure makes a mistake.

It was created by configure, which was
generated by GNU Autoconf 2.59.  Invocation command line was

  $ ./configure 

## --------- ##
## Platform. ##
## --------- ##

hostname = debian
uname -m = i686
uname -r = 2.6.18-6-686
uname -s = Linux
uname -v = #1 SMP Fri Dec 12 16:48:28 UTC 2008

/usr/bin/uname -p = unknown
/bin/uname -X     = unknown

/bin/arch              = i686
/usr/bin/arch -k       = unknown
/usr/convex/getsysinfo = unknown
hostinfo               = unknown
/bin/machine           = unknown
/usr/bin/oslevel       = unknown
/bin/universe          = unknown

PATH: /usr/local/bin
PATH: /usr/bin
PATH: /bin
PATH: /usr/bin/X11
PATH: /usr/games
PATH: /home/jagarl/bin


## ----------- ##
## Core tests. ##
## ----------- ##

configure:1385: checking for gcc
configure:1401: found /usr/bin/gcc
configure:1411: result: gcc
configure:1655: checking for C compiler version
configure:1658: gcc --version </dev/null >&5
gcc (GCC) 4.1.2 20061115 (prerelease) (Debian 4.1.1-21)
Copyright (C) 2006 Free Software Foundation, Inc.
This is free software; see the source for copying conditions.  There is NO
warranty; not even for MERCHANTABILITY or FITNESS FOR A PARTICULAR PURPOSE.

configure:1661: $? = 0
configure:1663: gcc -v </dev/null >&5
Using built-in specs.
Target: i486-linux-gnu
Configured with: ../src/configure -v --enable-languages=c,c++,fortran,objc,obj-c++,treelang --prefix=/usr --enable-shared --with-system-zlib --libexecdir=/usr/lib --without-included-gettext --enable-threads=posix --enable-nls --program-suffix=-4.1 --enable-__cxa_atexit --enable-clocale=gnu --enable-libstdcxx-debug --enable-mpfr --with-tune=i686 --enable-checking=release i486-linux-gnu
Thread model: posix
gcc version 4.1.2 20061115 (prerelease) (Debian 4.1.1-21)
configure:1666: $? = 0
configure:1668: gcc -V </dev/null >&5
gcc: '-V' option must have argument
configure:1671: $? = 1
configure:1694: checking for C compiler default output file name
configure:1697: gcc    conftest.c  >&5
configure:1700: $? = 0
configure:1746: result: a.out
configure:1751: checking whether the C compiler works
configure:1757: ./a.out
configure:1760: $? = 0
configure:1777: result: yes
configure:1784: checking whether we are cross compiling
configure:1786: result: no
configure:1789: checking for suffix of executables
configure:1791: gcc -o conftest    conftest.c  >&5
configure:1794: $? = 0
configure:1819: result: 
configure:1825: checking for suffix of object files
configure:1846: gcc -c   conftest.c >&5
configure:1849: $? = 0
configure:1871: result: o
configure:1875: checking whether we are using the GNU C compiler
configure:1899: gcc -c   conftest.c >&5
configure:1905: $? = 0
configure:1909: test -z 
			 || test ! -s conftest.err
configure:1912: $? = 0
configure:1915: test -s conftest.o
configure:1918: $? = 0
configure:1931: result: yes
configure:1937: checking whether gcc accepts -g
configure:1958: gcc -c -g  conftest.c >&5
configure:1964: $? = 0
configure:1968: test -z 
			 || test ! -s conftest.err
configure:1971: $? = 0
configure:1974: test -s conftest.o
configure:1977: $? = 0
configure:1988: result: yes
configure:2005: checking for gcc option to accept ANSI C
configure:2075: gcc  -c -g -O2  conftest.c >&5
configure:2081: $? = 0
configure:2085: test -z 
			 || test ! -s conftest.err
configure:2088: $? = 0
configure:2091: test -s conftest.o
configure:2094: $? = 0
configure:2112: result: none needed
configure:2130: gcc -c -g -O2  conftest.c >&5
conftest.c:2: error: expected '=', ',', ';', 'asm' or '__attribute__' before 'me'
configure:2136: $? = 1
configure: failed program was:
| #ifndef __cplusplus
|   choke me
| #endif
configure:2321: checking for g++
configure:2337: found /usr/bin/g++
configure:2347: result: g++
configure:2363: checking for C++ compiler version
configure:2366: g++ --version </dev/null >&5
g++ (GCC) 4.1.2 20061115 (prerelease) (Debian 4.1.1-21)
Copyright (C) 2006 Free Software Foundation, Inc.
This is free software; see the source for copying conditions.  There is NO
warranty; not even for MERCHANTABILITY or FITNESS FOR A PARTICULAR PURPOSE.

configure:2369: $? = 0
configure:2371: g++ -v </dev/null >&5
Using built-in specs.
Target: i486-linux-gnu
Configured with: ../src/configure -v --enable-languages=c,c++,fortran,objc,obj-c++,treelang --prefix=/usr --enable-shared --with-system-zlib --libexecdir=/usr/lib --without-included-gettext --enable-threads=posix --enable-nls --program-suffix=-4.1 --enable-__cxa_atexit --enable-clocale=gnu --enable-libstdcxx-debug --enable-mpfr --with-tune=i686 --enable-checking=release i486-linux-gnu
Thread model: posix
gcc version 4.1.2 20061115 (prerelease) (Debian 4.1.1-21)
configure:2374: $? = 0
configure:2376: g++ -V </dev/null >&5
g++: '-V' option must have argument
configure:2379: $? = 1
configure:2382: checking whether we are using the GNU C++ compiler
configure:2406: g++ -c   conftest.cc >&5
configure:2412: $? = 0
configure:2416: test -z 
			 || test ! -s conftest.err
configure:2419: $? = 0
configure:2422: test -s conftest.o
configure:2425: $? = 0
configure:2438: result: yes
configure:2444: checking whether g++ accepts -g
configure:2465: g++ -c -g  conftest.cc >&5
configure:2471: $? = 0
configure:2475: test -z 
			 || test ! -s conftest.err
configure:2478: $? = 0
configure:2481: test -s conftest.o
configure:2484: $? = 0
configure:2495: result: yes
configure:2537: g++ -c -g -O2  conftest.cc >&5
configure:2543: $? = 0
configure:2547: test -z 
			 || test ! -s conftest.err
configure:2550: $? = 0
configure:2553: test -s conftest.o
configure:2556: $? = 0
configure:2582: g++ -c -g -O2  conftest.cc >&5
conftest.cc: In function 'int main()':
conftest.cc:13: error: 'exit' was not declared in this scope
configure:2588: $? = 1
configure: failed program was:
| /* confdefs.h.  */
| 
| #define PACKAGE_NAME ""
| #define PACKAGE_TARNAME ""
| #define PACKAGE_VERSION ""
| #define PACKAGE_STRING ""
| #define PACKAGE_BUGREPORT ""
| /* end confdefs.h.  */
| 
| int
| main ()
| {
| exit (42);
|   ;
|   return 0;
| }
configure:2537: g++ -c -g -O2  conftest.cc >&5
configure:2543: $? = 0
configure:2547: test -z 
			 || test ! -s conftest.err
configure:2550: $? = 0
configure:2553: test -s conftest.o
configure:2556: $? = 0
configure:2582: g++ -c -g -O2  conftest.cc >&5
configure:2588: $? = 0
configure:2592: test -z 
			 || test ! -s conftest.err
configure:2595: $? = 0
configure:2598: test -s conftest.o
configure:2601: $? = 0
configure:2624: checking whether ln -s works
configure:2628: result: yes
configure:2676: checking for ranlib
configure:2692: found /usr/bin/ranlib
configure:2703: result: ranlib
configure:2715: checking whether make sets $(MAKE)
configure:2735: result: yes
configure:2755: checking for dirent.h that defines DIR
configure:2779: gcc -c -g -O2  conftest.c >&5
configure:2785: $? = 0
configure:2789: test -z 
			 || test ! -s conftest.err
configure:2792: $? = 0
configure:2795: test -s conftest.o
configure:2798: $? = 0
configure:2809: result: yes
configure:2822: checking for library containing opendir
configure:2852: gcc -o conftest -g -O2   conftest.c  >&5
configure:2858: $? = 0
configure:2862: test -z 
			 || test ! -s conftest.err
configure:2865: $? = 0
configure:2868: test -s conftest
configure:2871: $? = 0
configure:2941: result: none required
configure:3082: checking how to run the C preprocessor
configure:3117: gcc -E  conftest.c
configure:3123: $? = 0
configure:3155: gcc -E  conftest.c
conftest.c:13:28: error: ac_nonexistent.h: No such file or directory
configure:3161: $? = 1
configure: failed program was:
| /* confdefs.h.  */
| 
| #define PACKAGE_NAME ""
| #define PACKAGE_TARNAME ""
| #define PACKAGE_VERSION ""
| #define PACKAGE_STRING ""
| #define PACKAGE_BUGREPORT ""
| #ifdef __cplusplus
| extern "C" void std::exit (int) throw (); using std::exit;
| #endif
| #define HAVE_DIRENT_H 1
| /* end confdefs.h.  */
| #include <ac_nonexistent.h>
configure:3200: result: gcc -E
configure:3224: gcc -E  conftest.c
configure:3230: $? = 0
configure:3262: gcc -E  conftest.c
conftest.c:13:28: error: ac_nonexistent.h: No such file or directory
configure:3268: $? = 1
configure: failed program was:
| /* confdefs.h.  */
| 
| #define PACKAGE_NAME ""
| #define PACKAGE_TARNAME ""
| #define PACKAGE_VERSION ""
| #define PACKAGE_STRING ""
| #define PACKAGE_BUGREPORT ""
| #ifdef __cplusplus
| extern "C" void std::exit (int) throw (); using std::exit;
| #endif
| #define HAVE_DIRENT_H 1
| /* end confdefs.h.  */
| #include <ac_nonexistent.h>
configure:3312: checking for egrep
configure:3322: result: grep -E
configure:3327: checking for ANSI C header files
configure:3352: gcc -c -g -O2  conftest.c >&5
configure:3358: $? = 0
configure:3362: test -z 
			 || test ! -s conftest.err
configure:3365: $? = 0
configure:3368: test -s conftest.o
configure:3371: $? = 0
configure:3460: gcc -o conftest -g -O2   conftest.c  >&5
conftest.c: In function 'main':
conftest.c:30: warning: incompatible implicit declaration of built-in function 'exit'
configure:3463: $? = 0
configure:3465: ./conftest
configure:3468: $? = 0
configure:3483: result: yes
configure:3507: checking for sys/types.h
configure:3523: gcc -c -g -O2  conftest.c >&5
configure:3529: $? = 0
configure:3533: test -z 
			 || test ! -s conftest.err
configure:3536: $? = 0
configure:3539: test -s conftest.o
configure:3542: $? = 0
configure:3553: result: yes
configure:3507: checking for sys/stat.h
configure:3523: gcc -c -g -O2  conftest.c >&5
configure:3529: $? = 0
configure:3533: test -z 
			 || test ! -s conftest.err
configure:3536: $? = 0
configure:3539: test -s conftest.o
configure:3542: $? = 0
configure:3553: result: yes
configure:3507: checking for stdlib.h
configure:3523: gcc -c -g -O2  conftest.c >&5
configure:3529: $? = 0
configure:3533: test -z 
			 || test ! -s conftest.err
configure:3536: $? = 0
configure:3539: test -s conftest.o
configure:3542: $? = 0
configure:3553: result: yes
configure:3507: checking for string.h
configure:3523: gcc -c -g -O2  conftest.c >&5
configure:3529: $? = 0
configure:3533: test -z 
			 || test ! -s conftest.err
configure:3536: $? = 0
configure:3539: test -s conftest.o
configure:3542: $? = 0
configure:3553: result: yes
configure:3507: checking for memory.h
configure:3523: gcc -c -g -O2  conftest.c >&5
configure:3529: $? = 0
configure:3533: test -z 
			 || test ! -s conftest.err
configure:3536: $? = 0
configure:3539: test -s conftest.o
configure:3542: $? = 0
configure:3553: result: yes
configure:3507: checking for strings.h
configure:3523: gcc -c -g -O2  conftest.c >&5
configure:3529: $? = 0
configure:3533: test -z 
			 || test ! -s conftest.err
configure:3536: $? = 0
configure:3539: test -s conftest.o
configure:3542: $? = 0
configure:3553: result: yes
configure:3507: checking for inttypes.h
configure:3523: gcc -c -g -O2  conftest.c >&5
configure:3529: $? = 0
configure:3533: test -z 
			 || test ! -s conftest.err
configure:3536: $? = 0
configure:3539: test -s conftest.o
configure:3542: $? = 0
configure:3553: result: yes
configure:3507: checking for stdint.h
configure:3523: gcc -c -g -O2  conftest.c >&5
configure:3529: $? = 0
configure:3533: test -z 
			 || test ! -s conftest.err
configure:3536: $? = 0
configure:3539: test -s conftest.o
configure:3542: $? = 0
configure:3553: result: yes
configure:3507: checking for unistd.h
configure:3523: gcc -c -g -O2  conftest.c >&5
configure:3529: $? = 0
configure:3533: test -z 
			 || test ! -s conftest.err
configure:3536: $? = 0
configure:3539: test -s conftest.o
configure:3542: $? = 0
configure:3553: result: yes
configure:3582: checking fcntl.h usability
configure:3594: gcc -c -g -O2  conftest.c >&5
configure:3600: $? = 0
configure:3604: test -z 
			 || test ! -s conftest.err
configure:3607: $? = 0
configure:3610: test -s conftest.o
configure:3613: $? = 0
configure:3623: result: yes
configure:3627: checking fcntl.h presence
configure:3637: gcc -E  conftest.c
configure:3643: $? = 0
configure:3663: result: yes
configure:3698: checking for fcntl.h
configure:3705: result: yes
configure:3582: checking sys/ioctl.h usability
configure:3594: gcc -c -g -O2  conftest.c >&5
configure:3600: $? = 0
configure:3604: test -z 
			 || test ! -s conftest.err
configure:3607: $? = 0
configure:3610: test -s conftest.o
configure:3613: $? = 0
configure:3623: result: yes
configure:3627: checking sys/ioctl.h presence
configure:3637: gcc -E  conftest.c
configure:3643: $? = 0
configure:3663: result: yes
configure:3698: checking for sys/ioctl.h
configure:3705: result: yes
configure:3582: checking sys/time.h usability
configure:3594: gcc -c -g -O2  conftest.c >&5
configure:3600: $? = 0
configure:3604: test -z 
			 || test ! -s conftest.err
configure:3607: $? = 0
configure:3610: test -s conftest.o
configure:3613: $? = 0
configure:3623: result: yes
configure:3627: checking sys/time.h presence
configure:3637: gcc -E  conftest.c
configure:3643: $? = 0
configure:3663: result: yes
configure:3698: checking for sys/time.h
configure:3705: result: yes
configure:3573: checking for unistd.h
configure:3578: result: yes
configure:3719: checking for an ANSI C-conforming const
configure:3786: gcc -c -g -O2  conftest.c >&5
configure:3792: $? = 0
configure:3796: test -z 
			 || test ! -s conftest.err
configure:3799: $? = 0
configure:3802: test -s conftest.o
configure:3805: $? = 0
configure:3816: result: yes
configure:3826: checking for size_t
configure:3850: gcc -c -g -O2  conftest.c >&5
configure:3856: $? = 0
configure:3860: test -z 
			 || test ! -s conftest.err
configure:3863: $? = 0
configure:3866: test -s conftest.o
configure:3869: $? = 0
configure:3880: result: yes
configure:3892: checking whether time.h and sys/time.h may both be included
configure:3917: gcc -c -g -O2  conftest.c >&5
configure:3923: $? = 0
configure:3927: test -z 
			 || test ! -s conftest.err
configure:3930: $? = 0
configure:3933: test -s conftest.o
configure:3936: $? = 0
configure:3947: result: yes
configure:3957: checking whether struct tm is in sys/time.h or time.h
configure:3980: gcc -c -g -O2  conftest.c >&5
configure:3986: $? = 0
configure:3990: test -z 
			 || test ! -s conftest.err
configure:3993: $? = 0
configure:3996: test -s conftest.o
configure:3999: $? = 0
configure:4010: result: time.h
configure:4025: checking whether gcc needs -traditional
configure:4067: result: no
configure:4074: checking for working memcmp
configure:4122: gcc -o conftest -g -O2   conftest.c  >&5
configure:4125: $? = 0
configure:4127: ./conftest
configure:4130: $? = 0
configure:4144: result: yes
configure:4161: checking for stdlib.h
configure:4166: result: yes
configure:4161: checking for unistd.h
configure:4166: result: yes
configure:4310: checking for getpagesize
configure:4367: gcc -o conftest -g -O2   conftest.c  >&5
configure:4373: $? = 0
configure:4377: test -z 
			 || test ! -s conftest.err
configure:4380: $? = 0
configure:4383: test -s conftest
configure:4386: $? = 0
configure:4398: result: yes
configure:4408: checking for working mmap
configure:4550: gcc -o conftest -g -O2   conftest.c  >&5
configure:4553: $? = 0
configure:4555: ./conftest
configure:4558: $? = 0
configure:4572: result: yes
configure:4583: checking return type of signal handlers
configure:4614: gcc -c -g -O2  conftest.c >&5
configure:4620: $? = 0
configure:4624: test -z 
			 || test ! -s conftest.err
configure:4627: $? = 0
configure:4630: test -s conftest.o
configure:4633: $? = 0
configure:4644: result: void
configure:4658: checking for gettimeofday
configure:4715: gcc -o conftest -g -O2   conftest.c  >&5
configure:4721: $? = 0
configure:4725: test -z 
			 || test ! -s conftest.err
configure:4728: $? = 0
configure:4731: test -s conftest
configure:4734: $? = 0
configure:4746: result: yes
configure:4658: checking for mkdir
configure:4715: gcc -o conftest -g -O2   conftest.c  >&5
configure:4721: $? = 0
configure:4725: test -z 
			 || test ! -s conftest.err
configure:4728: $? = 0
configure:4731: test -s conftest
configure:4734: $? = 0
configure:4746: result: yes
configure:4658: checking for snprintf
configure:4715: gcc -o conftest -g -O2   conftest.c  >&5
conftest.c:59: warning: conflicting types for built-in function 'snprintf'
configure:4721: $? = 0
configure:4725: test -z 
			 || test ! -s conftest.err
configure:4728: $? = 0
configure:4731: test -s conftest
configure:4734: $? = 0
configure:4746: result: yes
configure:4760: checking whether byte ordering is bigendian
configure:4787: gcc -c -g -O2  conftest.c >&5
configure:4793: $? = 0
configure:4797: test -z 
			 || test ! -s conftest.err
configure:4800: $? = 0
configure:4803: test -s conftest.o
configure:4806: $? = 0
configure:4830: gcc -c -g -O2  conftest.c >&5
conftest.c: In function 'main':
conftest.c:43: error: 'not' undeclared (first use in this function)
conftest.c:43: error: (Each undeclared identifier is reported only once
conftest.c:43: error: for each function it appears in.)
conftest.c:43: error: expected ';' before 'big'
configure:4836: $? = 1
configure: failed program was:
| /* confdefs.h.  */
| 
| #define PACKAGE_NAME ""
| #define PACKAGE_TARNAME ""
| #define PACKAGE_VERSION ""
| #define PACKAGE_STRING ""
| #define PACKAGE_BUGREPORT ""
| #ifdef __cplusplus
| extern "C" void std::exit (int) throw (); using std::exit;
| #endif
| #define HAVE_DIRENT_H 1
| #define STDC_HEADERS 1
| #define HAVE_SYS_TYPES_H 1
| #define HAVE_SYS_STAT_H 1
| #define HAVE_STDLIB_H 1
| #define HAVE_STRING_H 1
| #define HAVE_MEMORY_H 1
| #define HAVE_STRINGS_H 1
| #define HAVE_INTTYPES_H 1
| #define HAVE_STDINT_H 1
| #define HAVE_UNISTD_H 1
| #define HAVE_FCNTL_H 1
| #define HAVE_SYS_IOCTL_H 1
| #define HAVE_SYS_TIME_H 1
| #define HAVE_UNISTD_H 1
| #define TIME_WITH_SYS_TIME 1
| #define HAVE_STDLIB_H 1
| #define HAVE_UNISTD_H 1
| #define HAVE_GETPAGESIZE 1
| #define HAVE_MMAP 1
| #define RETSIGTYPE void
| #define HAVE_GETTIMEOFDAY 1
| #define HAVE_MKDIR 1
| #define HAVE_SNPRINTF 1
| /* end confdefs.h.  */
| #include <sys/types.h>
| #include <sys/param.h>
| 
| int
| main ()
| {
| #if BYTE_ORDER != BIG_ENDIAN
|  not big endian
| #endif
| 
|   ;
|   return 0;
| }
configure:4971: result: no
configure:4991: checking for gettext
configure:5048: gcc -o conftest -g -O2   conftest.c  >&5
conftest.c:60: warning: conflicting types for built-in function 'gettext'
configure:5054: $? = 0
configure:5058: test -z 
			 || test ! -s conftest.err
configure:5061: $? = 0
configure:5064: test -s conftest
configure:5067: $? = 0
configure:5079: result: yes
configure:5163: checking for zlibVersion in -lz
configure:5193: gcc -o conftest -g -O2   conftest.c -lz   >&5
configure:5199: $? = 0
configure:5203: test -z 
			 || test ! -s conftest.err
configure:5206: $? = 0
configure:5209: test -s conftest
configure:5212: $? = 0
configure:5225: result: yes
configure:5237: checking for png_write_end in -lpng
configure:5267: gcc -o conftest -g -O2   conftest.c -lpng  -lz  >&5
configure:5273: $? = 0
configure:5277: test -z 
			 || test ! -s conftest.err
configure:5280: $? = 0
configure:5283: test -s conftest
configure:5286: $? = 0
configure:5299: result: yes
configure:5311: checking for jpeg_start_decompress in -ljpeg
configure:5341: gcc -o conftest -g -O2   conftest.c -ljpeg  -lpng -lz  >&5
configure:5347: $? = 0
configure:5351: test -z 
			 || test ! -s conftest.err
configure:5354: $? = 0
configure:5357: test -s conftest
configure:5360: $? = 0
configure:5373: result: yes
configure:5390: checking for ogg_stream_init in -logg
configure:5420: gcc -o conftest -g -O2   conftest.c -logg  -ljpeg -lpng -lz  >&5
configure:5426: $? = 0
configure:5430: test -z 
			 || test ! -s conftest.err
configure:5433: $? = 0
configure:5436: test -s conftest
configure:5439: $? = 0
configure:5452: result: yes
configure:5464: checking for vorbis_book_decode in -lvorbis
configure:5494: gcc -o conftest -g -O2   conftest.c -lvorbis -logg -logg -ljpeg -lpng -lz  >&5
configure:5500: $? = 0
configure:5504: test -z 
			 || test ! -s conftest.err
configure:5507: $? = 0
configure:5510: test -s conftest
configure:5513: $? = 0
configure:5526: result: yes
configure:5614: checking for ov_read in -lvorbisfile
configure:5644: gcc -o conftest -g -O2   conftest.c -lvorbisfile -logg -lvorbis -lvorbis -logg -ljpeg -lpng -lz  >&5
configure:5650: $? = 0
configure:5654: test -z 
			 || test ! -s conftest.err
configure:5657: $? = 0
configure:5660: test -s conftest
configure:5663: $? = 0
configure:5676: result: yes
configure:5720: checking build system type
configure:5738: result: i686-pc-linux-gnu
configure:5746: checking host system type
configure:5760: result: i686-pc-linux-gnu
configure:5768: checking target system type
configure:5782: result: i686-pc-linux-gnu
configure:5837: checking for sdl-config
configure:5855: found /usr/bin/sdl-config
configure:5868: result: /usr/bin/sdl-config
configure:5876: checking for SDL - version >= 0.11.0
configure:5966: gcc -o conftest -g -O2 -I/usr/include/SDL -D_GNU_SOURCE=1 -D_REENTRANT   conftest.c -lvorbisfile -lvorbis -logg -ljpeg -lpng -lz  -L/usr/lib -lSDL >&5
configure:5969: $? = 0
configure:5971: ./conftest
configure:5974: $? = 0
configure:5992: result: yes
configure:6129: checking for smpeg-config
configure:6147: found /usr/bin/smpeg-config
configure:6160: result: /usr/bin/smpeg-config
configure:6168: checking for SMPEG - version >= 0.2.7
configure:6260: gcc -o conftest -g -O2 -I/usr/include/smpeg -I/usr/include/SDL -D_GNU_SOURCE=1 -D_REENTRANT -I/usr/include/SDL -D_GNU_SOURCE=1 -D_REENTRANT   conftest.c -lvorbisfile -lvorbis -logg -ljpeg -lpng -lz  -L/usr/lib -lsmpeg -L/usr/lib -lSDL -L/usr/lib -lSDL >&5
configure:6263: $? = 0
configure:6265: ./conftest
configure:6268: $? = 0
configure:6286: result: yes
configure:6390: checking for mad_decoder_run in -lmad
configure:6420: gcc -o conftest -g -O2   conftest.c -lmad  -lvorbisfile -lvorbis -logg -ljpeg -lpng -lz  >&5
configure:6426: $? = 0
configure:6430: test -z 
			 || test ! -s conftest.err
configure:6433: $? = 0
configure:6436: test -s conftest
configure:6439: $? = 0
configure:6452: result: yes
configure:6515: checking for freetype-config
configure:6533: found /usr/bin/freetype-config
configure:6546: result: /usr/bin/freetype-config
configure:6555: checking for FreeType -- version >= 7.0.1
configure:6641: gcc -o conftest -g -O2 -I/usr/include/freetype2   conftest.c -lfreetype -lz -lmad -lvorbisfile -lvorbis -logg -ljpeg -lpng -lz  >&5
configure:6644: $? = 0
configure:6646: ./conftest
configure:6649: $? = 0
configure:6670: result: yes
configure:6759: checking for X
configure:6864: gcc -E  conftest.c
configure:6870: $? = 0
configure:6920: gcc -o conftest -g -O2   conftest.c -lXt -lmad -lvorbisfile -lvorbis -logg -ljpeg -lpng -lz  >&5
configure:6926: $? = 0
configure:6930: test -z 
			 || test ! -s conftest.err
configure:6933: $? = 0
configure:6936: test -s conftest
configure:6939: $? = 0
configure:6989: result: libraries , headers 
configure:7161: gcc -o conftest -g -O2   conftest.c -lmad -lvorbisfile -lvorbis -logg -ljpeg -lpng -lz   -lX11 >&5
configure:7167: $? = 0
configure:7171: test -z 
			 || test ! -s conftest.err
configure:7174: $? = 0
configure:7177: test -s conftest
configure:7180: $? = 0
configure:7338: checking for gethostbyname
configure:7395: gcc -o conftest -g -O2   conftest.c -lmad -lvorbisfile -lvorbis -logg -ljpeg -lpng -lz  >&5
configure:7401: $? = 0
configure:7405: test -z 
			 || test ! -s conftest.err
configure:7408: $? = 0
configure:7411: test -s conftest
configure:7414: $? = 0
configure:7426: result: yes
configure:7577: checking for connect
configure:7634: gcc -o conftest -g -O2   conftest.c -lmad -lvorbisfile -lvorbis -logg -ljpeg -lpng -lz  >&5
configure:7640: $? = 0
configure:7644: test -z 
			 || test ! -s conftest.err
configure:7647: $? = 0
configure:7650: test -s conftest
configure:7653: $? = 0
configure:7665: result: yes
configure:7740: checking for remove
configure:7797: gcc -o conftest -g -O2   conftest.c -lmad -lvorbisfile -lvorbis -logg -ljpeg -lpng -lz  >&5
configure:7803: $? = 0
configure:7807: test -z 
			 || test ! -s conftest.err
configure:7810: $? = 0
configure:7813: test -s conftest
configure:7816: $? = 0
configure:7828: result: yes
configure:7903: checking for shmat
configure:7960: gcc -o conftest -g -O2   conftest.c -lmad -lvorbisfile -lvorbis -logg -ljpeg -lpng -lz  >&5
configure:7966: $? = 0
configure:7970: test -z 
			 || test ! -s conftest.err
configure:7973: $? = 0
configure:7976: test -s conftest
configure:7979: $? = 0
configure:7991: result: yes
configure:8075: checking for IceConnectionNumber in -lICE
configure:8105: gcc -o conftest -g -O2   conftest.c -lICE  -lmad -lvorbisfile -lvorbis -logg -ljpeg -lpng -lz  >&5
configure:8111: $? = 0
configure:8115: test -z 
			 || test ! -s conftest.err
configure:8118: $? = 0
configure:8121: test -s conftest
configure:8124: $? = 0
configure:8137: result: yes
configure:8267: creating ./config.status

## ---------------------- ##
## Running config.status. ##
## ---------------------- ##

This file was extended by config.status, which was
generated by GNU Autoconf 2.59.  Invocation command line was

  CONFIG_FILES    = 
  CONFIG_HEADERS  = 
  CONFIG_LINKS    = 
  CONFIG_COMMANDS = 
  $ ./config.status 

on debian

config.status:678: creating Makefile
config.status:678: creating system/Makefile
config.status:678: creating font/Makefile
config.status:678: creating window/Makefile
config.status:678: creating music2/Makefile
config.status:678: creating scn2k/Makefile
config.status:781: creating config.h
config.status:949: config.h is unchanged

## ---------------- ##
## Cache variables. ##
## ---------------- ##

ac_cv_build=i686-pc-linux-gnu
ac_cv_build_alias=i686-pc-linux-gnu
ac_cv_c_bigendian=no
ac_cv_c_compiler_gnu=yes
ac_cv_c_const=yes
ac_cv_cxx_compiler_gnu=yes
ac_cv_env_CC_set=
ac_cv_env_CC_value=
ac_cv_env_CFLAGS_set=
ac_cv_env_CFLAGS_value=
ac_cv_env_CPPFLAGS_set=
ac_cv_env_CPPFLAGS_value=
ac_cv_env_CPP_set=
ac_cv_env_CPP_value=
ac_cv_env_CXXFLAGS_set=
ac_cv_env_CXXFLAGS_value=
ac_cv_env_CXX_set=
ac_cv_env_CXX_value=
ac_cv_env_LDFLAGS_set=
ac_cv_env_LDFLAGS_value=
ac_cv_env_build_alias_set=
ac_cv_env_build_alias_value=
ac_cv_env_host_alias_set=
ac_cv_env_host_alias_value=
ac_cv_env_target_alias_set=
ac_cv_env_target_alias_value=
ac_cv_exeext=
ac_cv_func_connect=yes
ac_cv_func_gethostbyname=yes
ac_cv_func_getpagesize=yes
ac_cv_func_gettext=yes
ac_cv_func_gettimeofday=yes
ac_cv_func_memcmp_working=yes
ac_cv_func_mkdir=yes
ac_cv_func_mmap_fixed_mapped=yes
ac_cv_func_remove=yes
ac_cv_func_shmat=yes
ac_cv_func_snprintf=yes
ac_cv_have_x='have_x=yes 		ac_x_includes= ac_x_libraries='
ac_cv_header_dirent_dirent_h=yes
ac_cv_header_fcntl_h=yes
ac_cv_header_inttypes_h=yes
ac_cv_header_memory_h=yes
ac_cv_header_stdc=yes
ac_cv_header_stdint_h=yes
ac_cv_header_stdlib_h=yes
ac_cv_header_string_h=yes
ac_cv_header_strings_h=yes
ac_cv_header_sys_ioctl_h=yes
ac_cv_header_sys_stat_h=yes
ac_cv_header_sys_time_h=yes
ac_cv_header_sys_types_h=yes
ac_cv_header_time=yes
ac_cv_header_unistd_h=yes
ac_cv_host=i686-pc-linux-gnu
ac_cv_host_alias=i686-pc-linux-gnu
ac_cv_lib_ICE_IceConnectionNumber=yes
ac_cv_lib_jpeg_jpeg_start_decompress=yes
ac_cv_lib_mad_mad_decoder_run=yes
ac_cv_lib_ogg_ogg_stream_init=yes
ac_cv_lib_png_png_write_end=yes
ac_cv_lib_vorbis_vorbis_book_decode=yes
ac_cv_lib_vorbisfile_ov_read=yes
ac_cv_lib_z_zlibVersion=yes
ac_cv_objext=o
ac_cv_path_FT2_CONFIG=/usr/bin/freetype-config
ac_cv_path_SDL_CONFIG=/usr/bin/sdl-config
ac_cv_path_SMPEG_CONFIG=/usr/bin/smpeg-config
ac_cv_prog_CPP='gcc -E'
ac_cv_prog_ac_ct_CC=gcc
ac_cv_prog_ac_ct_CXX=g++
ac_cv_prog_ac_ct_RANLIB=ranlib
ac_cv_prog_cc_g=yes
ac_cv_prog_cc_stdc=
ac_cv_prog_cxx_g=yes
ac_cv_prog_egrep='grep -E'
ac_cv_prog_gcc_traditional=no
ac_cv_prog_make_make_set=yes
ac_cv_search_opendir='none required'
ac_cv_struct_tm=time.h
ac_cv_target=i686-pc-linux-gnu
ac_cv_target_alias=i686-pc-linux-gnu
ac_cv_type_signal=void
ac_cv_type_size_t=yes

## ----------------- ##
## Output variables. ##
## ----------------- ##

CC='gcc'
CFLAGS='-g -O2'
CPP='gcc -E'
CPPFLAGS=''
CXX='g++'
CXXFLAGS='-g -O2'
DEFS='-DHAVE_CONFIG_H'
ECHO_C=''
ECHO_N='-n'
ECHO_T=''
EGREP='grep -E'
EXEEXT=''
FT2_CFLAGS='-I/usr/include/freetype2'
FT2_CONFIG='/usr/bin/freetype-config'
FT2_LIBS='-lfreetype -lz'
LDFLAGS=''
LIBOBJS=''
LIBS='-lmad -lvorbisfile -lvorbis -logg -ljpeg -lpng -lz   -lX11 -lXext -L/usr/X11R6/lib'
LN_S='ln -s'
LTLIBOBJS=''
OBJEXT='o'
PACKAGE_BUGREPORT=''
PACKAGE_NAME=''
PACKAGE_STRING=''
PACKAGE_TARNAME=''
PACKAGE_VERSION=''
PATH_SEPARATOR=':'
RANLIB='ranlib'
SDL_CFLAGS='-I/usr/include/SDL -D_GNU_SOURCE=1 -D_REENTRANT'
SDL_CONFIG='/usr/bin/sdl-config'
SDL_LIBS='-L/usr/lib -lSDL'
SET_MAKE=''
SHELL='/bin/sh'
SMPEG_CFLAGS='-I/usr/include/smpeg -I/usr/include/SDL -D_GNU_SOURCE=1 -D_REENTRANT'
SMPEG_CONFIG='/usr/bin/smpeg-config'
SMPEG_LIBS='-L/usr/lib -lsmpeg -L/usr/lib -lSDL'
X_CFLAGS=''
X_EXTRA_LIBS=''
X_LIBS=' -lX11 -lXext -L/usr/X11R6/lib'
X_PRE_LIBS=' -lSM -lICE'
ac_ct_CC='gcc'
ac_ct_CXX='g++'
ac_ct_RANLIB='ranlib'
bindir='${exec_prefix}/bin'
build='i686-pc-linux-gnu'
build_alias=''
build_cpu='i686'
build_os='linux-gnu'
build_vendor='pc'
datadir='${prefix}/share'
exec_prefix='${prefix}'
host='i686-pc-linux-gnu'
host_alias=''
host_cpu='i686'
host_os='linux-gnu'
host_vendor='pc'
includedir='${prefix}/include'
infodir='${prefix}/info'
libdir='${exec_prefix}/lib'
libexecdir='${exec_prefix}/libexec'
localstatedir='${prefix}/var'
mandir='${prefix}/man'
oldincludedir='/usr/include'
prefix='/usr/local'
program_transform_name='s,x,x,'
sbindir='${exec_prefix}/sbin'
sharedstatedir='${prefix}/com'
sysconfdir='${prefix}/etc'
target='i686-pc-linux-gnu'
target_alias=''
target_cpu='i686'
target_os='linux-gnu'
target_vendor='pc'

## ----------- ##
## confdefs.h. ##
## ----------- ##

#define DISPSIZE "no"
#define HAVE_DIRENT_H 1
#define HAVE_FCNTL_H 1
#define HAVE_GETPAGESIZE 1
#define HAVE_GETTIMEOFDAY 1
#define HAVE_INTTYPES_H 1
#define HAVE_LIBJPEG 1
#define HAVE_LIBMAD 1
#define HAVE_LIBOGG 1
#define HAVE_LIBPNG 1
#define HAVE_LIBVORBIS 1
#define HAVE_LIBVORBISFILE 1
#define HAVE_LIBZ 1
#define HAVE_MEMORY_H 1
#define HAVE_MKDIR 1
#define HAVE_MMAP 1
#define HAVE_SNPRINTF 1
#define HAVE_STDINT_H 1
#define HAVE_STDLIB_H 1
#define HAVE_STDLIB_H 1
#define HAVE_STRINGS_H 1
#define HAVE_STRING_H 1
#define HAVE_SYS_IOCTL_H 1
#define HAVE_SYS_STAT_H 1
#define HAVE_SYS_TIME_H 1
#define HAVE_SYS_TYPES_H 1
#define HAVE_UNISTD_H 1
#define HAVE_UNISTD_H 1
#define HAVE_UNISTD_H 1
#define PACKAGE_BUGREPORT ""
#define PACKAGE_NAME ""
#define PACKAGE_STRING ""
#define PACKAGE_TARNAME ""
#define PACKAGE_VERSION ""
#define RETSIGTYPE void
#define STDC_HEADERS 1
#define TIME_WITH_SYS_TIME 1
#define USE_SMPEG 1
#define USE_X11 1
#endif
#ifdef __cplusplus
extern "C" void std::exit (int) throw (); using std::exit;

configure: exit 0
