生成启动时间为 2015/7/31 20:29:02。
     1>项目“E:\FVPDeasm\FVPDeasm\FVPDeasm.vcxproj”在节点 2 上(Build 个目标)。
     1>InitializeBuildStatus:
         正在创建“Release\FVPDeasm.tlog\unsuccessfulbuild”，因为已指定“AlwaysCreate”。
       ClCompile:
         C:\Program Files (x86)\Microsoft Visual Studio 12.0\VC\bin\CL.exe /c /Zi /nologo /W3 /WX- /O2 /Oi /Oy- /GL /D WIN32 /D NDEBUG /D _CONSOLE /D _LIB /D _USING_V110_SDK71_ /D _UNICODE /D UNICODE /Gm- /EHsc /MT /GS /Gy /fp:precise /Zc:wchar_t /Zc:forScope /Fo"Release\\" /Fd"Release\vc120.pdb" /Gd /TP /analyze- /errorReport:prompt FVPDeasm.cpp
         FVPDeasm.cpp
     1>FVPDeasm.cpp(79): warning C4996: '_wfopen': This function or variable may be unsafe. Consider using _wfopen_s instead. To disable deprecation, use _CRT_SECURE_NO_WARNINGS. See online help for details.
                 C:\Program Files (x86)\Microsoft Visual Studio 12.0\VC\include\stdio.h(590) : 参见“_wfopen”的声明
     1>FVPDeasm.cpp(91): warning C4996: '_wfopen': This function or variable may be unsafe. Consider using _wfopen_s instead. To disable deprecation, use _CRT_SECURE_NO_WARNINGS. See online help for details.
                 C:\Program Files (x86)\Microsoft Visual Studio 12.0\VC\include\stdio.h(590) : 参见“_wfopen”的声明
     1>FVPDeasm.cpp(92): warning C4996: '_wfopen': This function or variable may be unsafe. Consider using _wfopen_s instead. To disable deprecation, use _CRT_SECURE_NO_WARNINGS. See online help for details.
                 C:\Program Files (x86)\Microsoft Visual Studio 12.0\VC\include\stdio.h(590) : 参见“_wfopen”的声明
       Link:
         C:\Program Files (x86)\Microsoft Visual Studio 12.0\VC\bin\link.exe /ERRORREPORT:PROMPT /OUT:"E:\FVPDeasm\Release\FVPDeasm.exe" /INCREMENTAL:NO /NOLOGO kernel32.lib user32.lib gdi32.lib winspool.lib comdlg32.lib advapi32.lib shell32.lib ole32.lib oleaut32.lib uuid.lib odbc32.lib odbccp32.lib /MANIFEST /MANIFESTUAC:"level='asInvoker' uiAccess='false'" /manifest:embed /DEBUG /PDB:"E:\FVPDeasm\Release\FVPDeasm.pdb" /SUBSYSTEM:CONSOLE,"5.01" /OPT:REF /OPT:ICF /LTCG /TLBID:1 /DYNAMICBASE /NXCOMPAT /IMPLIB:"E:\FVPDeasm\Release\FVPDeasm.lib" /MACHINE:X86 /SAFESEH Release\FVPDeasm.obj
         Release\stdafx.obj
         正在生成代码
         已完成代码的生成
         FVPDeasm.vcxproj -> E:\FVPDeasm\Release\FVPDeasm.exe
       FinalizeBuildStatus:
         正在删除文件“Release\FVPDeasm.tlog\unsuccessfulbuild”。
         正在对“Release\FVPDeasm.tlog\FVPDeasm.lastbuildstate”执行 Touch 任务。
     1>已完成生成项目“E:\FVPDeasm\FVPDeasm\FVPDeasm.vcxproj”(Build 个目标)的操作。

生成成功。

已用时间 00:00:03.47
